17-Mar-2024 12:57:41.328 信息 [main] org.apache.catalina.startup.VersionLoggerListener.log Server.服务器版本: Apache Tomcat/9.0.73
17-Mar-2024 12:57:41.337 信息 [main] org.apache.catalina.startup.VersionLoggerListener.log 服务器构建:        Feb 27 2023 15:33:40 UTC
17-Mar-2024 12:57:41.337 信息 [main] org.apache.catalina.startup.VersionLoggerListener.log 服务器版本号:      9.0.73.0
17-Mar-2024 12:57:41.339 信息 [main] org.apache.catalina.startup.VersionLoggerListener.log 操作系统名称:      Windows 10
17-Mar-2024 12:57:41.340 信息 [main] org.apache.catalina.startup.VersionLoggerListener.log OS.版本:           10.0
17-Mar-2024 12:57:41.340 信息 [main] org.apache.catalina.startup.VersionLoggerListener.log 架构:              amd64
17-Mar-2024 12:57:41.340 信息 [main] org.apache.catalina.startup.VersionLoggerListener.log Java 环境变量:     C:\Program Files\Microsoft\jdk-17.0.8.7-hotspot
17-Mar-2024 12:57:41.340 信息 [main] org.apache.catalina.startup.VersionLoggerListener.log Java虚拟机版本:    17.0.8+7-LTS
17-Mar-2024 12:57:41.341 信息 [main] org.apache.catalina.startup.VersionLoggerListener.log JVM.供应商:        Microsoft
17-Mar-2024 12:57:41.341 信息 [main] org.apache.catalina.startup.VersionLoggerListener.log CATALINA_BASE:     D:\PCTMoveData\Documents\GitHub\BackFront\2-后端\note01\3-JavaWeb\code\apache-tomcat-9.0.73
17-Mar-2024 12:57:41.341 信息 [main] org.apache.catalina.startup.VersionLoggerListener.log CATALINA_HOME:     D:\PCTMoveData\Documents\GitHub\BackFront\2-后端\note01\3-JavaWeb\code\apache-tomcat-9.0.73
17-Mar-2024 12:57:41.352 信息 [main] org.apache.catalina.startup.VersionLoggerListener.log 命令行参数：       --add-opens=java.base/java.lang=ALL-UNNAMED
17-Mar-2024 12:57:41.352 信息 [main] org.apache.catalina.startup.VersionLoggerListener.log 命令行参数：       --add-opens=java.base/java.io=ALL-UNNAMED
17-Mar-2024 12:57:41.353 信息 [main] org.apache.catalina.startup.VersionLoggerListener.log 命令行参数：       --add-opens=java.base/java.util=ALL-UNNAMED
17-Mar-2024 12:57:41.354 信息 [main] org.apache.catalina.startup.VersionLoggerListener.log 命令行参数：       --add-opens=java.base/java.util.concurrent=ALL-UNNAMED
17-Mar-2024 12:57:41.380 信息 [main] org.apache.catalina.startup.VersionLoggerListener.log 命令行参数：       --add-opens=java.rmi/sun.rmi.transport=ALL-UNNAMED
17-Mar-2024 12:57:41.380 信息 [main] org.apache.catalina.startup.VersionLoggerListener.log 命令行参数：       -Djava.util.logging.config.file=D:\PCTMoveData\Documents\GitHub\BackFront\2-后端\note01\3-JavaWeb\code\apache-tomcat-9.0.73\conf\logging.properties
17-Mar-2024 12:57:41.380 信息 [main] org.apache.catalina.startup.VersionLoggerListener.log 命令行参数：       -Djava.util.logging.manager=org.apache.juli.ClassLoaderLogManager
17-Mar-2024 12:57:41.381 信息 [main] org.apache.catalina.startup.VersionLoggerListener.log 命令行参数：       -Djdk.tls.ephemeralDHKeySize=2048
17-Mar-2024 12:57:41.381 信息 [main] org.apache.catalina.startup.VersionLoggerListener.log 命令行参数：       -Djava.protocol.handler.pkgs=org.apache.catalina.webresources
17-Mar-2024 12:57:41.382 信息 [main] org.apache.catalina.startup.VersionLoggerListener.log 命令行参数：       -Dignore.endorsed.dirs=
17-Mar-2024 12:57:41.382 信息 [main] org.apache.catalina.startup.VersionLoggerListener.log 命令行参数：       -Dcatalina.base=D:\PCTMoveData\Documents\GitHub\BackFront\2-后端\note01\3-JavaWeb\code\apache-tomcat-9.0.73
17-Mar-2024 12:57:41.382 信息 [main] org.apache.catalina.startup.VersionLoggerListener.log 命令行参数：       -Dcatalina.home=D:\PCTMoveData\Documents\GitHub\BackFront\2-后端\note01\3-JavaWeb\code\apache-tomcat-9.0.73
17-Mar-2024 12:57:41.382 信息 [main] org.apache.catalina.startup.VersionLoggerListener.log 命令行参数：       -Djava.io.tmpdir=D:\PCTMoveData\Documents\GitHub\BackFront\2-后端\note01\3-JavaWeb\code\apache-tomcat-9.0.73\temp
17-Mar-2024 12:57:41.435 信息 [main] org.apache.catalina.core.AprLifecycleListener.lifecycleEvent 使用APR版本[1.7.2]加载了基于APR的Apache Tomcat本机库[1.2.36]。
17-Mar-2024 12:57:41.443 信息 [main] org.apache.catalina.core.AprLifecycleListener.lifecycleEvent APR功能：IPv6[true]、sendfile[true]、accept filters[false]、random[true]、UDS [true]。
17-Mar-2024 12:57:41.444 信息 [main] org.apache.catalina.core.AprLifecycleListener.lifecycleEvent APR/OpenSSL配置：useAprConnector[false]，useOpenSSL[true]
17-Mar-2024 12:57:41.448 信息 [main] org.apache.catalina.core.AprLifecycleListener.initializeSSL OpenSSL成功初始化 [OpenSSL 1.1.1t  7 Feb 2023]
17-Mar-2024 12:57:41.716 信息 [main] org.apache.coyote.AbstractProtocol.init 初始化协议处理器 ["http-nio-8080"]
17-Mar-2024 12:57:41.747 信息 [main] org.apache.catalina.startup.Catalina.load 服务器在[678]毫秒内初始化
17-Mar-2024 12:57:41.801 信息 [main] org.apache.catalina.core.StandardService.startInternal 正在启动服务[Catalina]
17-Mar-2024 12:57:41.801 信息 [main] org.apache.catalina.core.StandardEngine.startInternal 正在启动 Servlet 引擎：[Apache Tomcat/9.0.73]
17-Mar-2024 12:57:41.835 信息 [main] org.apache.catalina.startup.HostConfig.deployWAR 正在部署web应用程序存档文件[D:\PCTMoveData\Documents\GitHub\BackFront\2-后端\note01\3-JavaWeb\code\apache-tomcat-9.0.73\webapps\demo1-0.0.1-SNAPSHOT.war]
17-Mar-2024 12:57:45.486 警告 [main] org.apache.tomcat.util.descriptor.web.WebXml.setVersion 未知版本字符串 [5.0]。将使用默认版本。
17-Mar-2024 12:57:50.681 信息 [main] org.apache.jasper.servlet.TldScanner.scanJars 至少有一个JAR被扫描用于TLD但尚未包含TLD。 为此记录器启用调试日志记录，以获取已扫描但未在其中找到TLD的完整JAR列表。 在扫描期间跳过不需要的JAR可以缩短启动时间和JSP编译时间。
17-Mar-2024 12:57:50.831 信息 [main] org.apache.catalina.startup.HostConfig.deployWAR web应用程序存档文件[D:\PCTMoveData\Documents\GitHub\BackFront\2-后端\note01\3-JavaWeb\code\apache-tomcat-9.0.73\webapps\demo1-0.0.1-SNAPSHOT.war]的部署已在[8,993]ms内完成
17-Mar-2024 12:57:50.836 信息 [main] org.apache.catalina.startup.HostConfig.deployDirectory 把web 应用程序部署到目录 [D:\PCTMoveData\Documents\GitHub\BackFront\2-后端\note01\3-JavaWeb\code\apache-tomcat-9.0.73\webapps\docs]
17-Mar-2024 12:57:50.898 信息 [main] org.apache.catalina.startup.HostConfig.deployDirectory Web应用程序目录[D:\PCTMoveData\Documents\GitHub\BackFront\2-后端\note01\3-JavaWeb\code\apache-tomcat-9.0.73\webapps\docs]的部署已在[62]毫秒内完成
17-Mar-2024 12:57:50.908 信息 [main] org.apache.catalina.startup.HostConfig.deployDirectory 把web 应用程序部署到目录 [D:\PCTMoveData\Documents\GitHub\BackFront\2-后端\note01\3-JavaWeb\code\apache-tomcat-9.0.73\webapps\examples]
17-Mar-2024 12:57:51.784 信息 [main] org.apache.catalina.startup.HostConfig.deployDirectory Web应用程序目录[D:\PCTMoveData\Documents\GitHub\BackFront\2-后端\note01\3-JavaWeb\code\apache-tomcat-9.0.73\webapps\examples]的部署已在[875]毫秒内完成
17-Mar-2024 12:57:51.792 信息 [main] org.apache.catalina.startup.HostConfig.deployDirectory 把web 应用程序部署到目录 [D:\PCTMoveData\Documents\GitHub\BackFront\2-后端\note01\3-JavaWeb\code\apache-tomcat-9.0.73\webapps\host-manager]
17-Mar-2024 12:57:51.854 信息 [main] org.apache.catalina.startup.HostConfig.deployDirectory Web应用程序目录[D:\PCTMoveData\Documents\GitHub\BackFront\2-后端\note01\3-JavaWeb\code\apache-tomcat-9.0.73\webapps\host-manager]的部署已在[61]毫秒内完成
17-Mar-2024 12:57:51.863 信息 [main] org.apache.catalina.startup.HostConfig.deployDirectory 把web 应用程序部署到目录 [D:\PCTMoveData\Documents\GitHub\BackFront\2-后端\note01\3-JavaWeb\code\apache-tomcat-9.0.73\webapps\manager]
17-Mar-2024 12:57:51.934 信息 [main] org.apache.catalina.startup.HostConfig.deployDirectory Web应用程序目录[D:\PCTMoveData\Documents\GitHub\BackFront\2-后端\note01\3-JavaWeb\code\apache-tomcat-9.0.73\webapps\manager]的部署已在[70]毫秒内完成
17-Mar-2024 12:57:51.943 信息 [main] org.apache.catalina.startup.HostConfig.deployDirectory 把web 应用程序部署到目录 [D:\PCTMoveData\Documents\GitHub\BackFront\2-后端\note01\3-JavaWeb\code\apache-tomcat-9.0.73\webapps\ROOT]
17-Mar-2024 12:57:51.981 信息 [main] org.apache.catalina.startup.HostConfig.deployDirectory Web应用程序目录[D:\PCTMoveData\Documents\GitHub\BackFront\2-后端\note01\3-JavaWeb\code\apache-tomcat-9.0.73\webapps\ROOT]的部署已在[39]毫秒内完成
17-Mar-2024 12:57:51.994 信息 [main] org.apache.coyote.AbstractProtocol.start 开始协议处理句柄["http-nio-8080"]
17-Mar-2024 12:57:52.040 信息 [main] org.apache.catalina.startup.Catalina.start [10292]毫秒后服务器启动
